<?xml version="1.0" encoding="UTF-8"?>
<!-- Generated by org.testng.reporters.JUnitReportReporter -->
<testsuite hostname="DESKTOP-6O7KHCA" failures="0" tests="3" name="Tests.ChangePasswordTest" time="6.656" errors="0" timestamp="2023-06-26T14:04:50 EET" skipped="0">
  <testcase classname="Tests.ChangePasswordTest" name="userCanRegisterSuccessfully" time="3.699"/>
  <system-out/>
  <testcase classname="Tests.ChangePasswordTest" name="userCanLoginSuccessfully" time="1.058"/>
  <system-out/>
  <testcase classname="Tests.ChangePasswordTest" name="userCanChangePasswordSuccessfully" time="1.899"/>
  <system-out/>
</testsuite> <!-- Tests.ChangePasswordTest -->
